2023-01-12T18:04:18.417Z
cwd: ~/Documents/prototypes/aida-main
package: govuk-prototype-kit@13.1.0
argv: /usr/local/bin/node ~/.npm/_npx/ab0cb2c39bc0319f/node_modules/.bin/govuk-prototype-kit migrate
Started [Check migration is being applied to a pre v13 prototype]
Succeeded [Check migration is being applied to a pre v13 prototype]
2023-01-12T18:04:28.788Z
cwd: ~/Documents/prototypes/aida-main
package: govuk-prototype-kit@13.1.0
argv: /usr/local/bin/node ~/Documents/prototypes/aida-main/node_modules/.bin/govuk-prototype-kit migrate -- ~/Documents/prototypes/aida-main
Started [Migrate config.js to config.json]
Started [Update application SCSS file]
Started [Deleted files that are no longer needed]
Started [Deleted directories that are no longer needed]
Started [Delete listen-on-port.js]
Started [Delete server.js]
Started [Delete VERSION.txt]
Started [Delete gulpfile.js]
Started [Delete Procfile]
Started [Delete app/assets/sass/application-ie8.scss]
Started [Delete start.js]
Started [Delete app/assets/sass/unbranded-ie8.scss]
Started [Remove unused directory docs]
Started [Remove unused directory gulp]
Started [Remove unused directory lib]
Started [Remove unused directory public]
Succeeded [Migrate config.js to config.json]
Started [Overwrite app/assets/javascripts/application.js]
Started [Overwrite app/filters.js]
Started [Overwrite app/views/layout.html]
Succeeded [Delete listen-on-port.js]
Succeeded [Delete VERSION.txt]
Succeeded [Delete app/assets/sass/application-ie8.scss]
Succeeded [Delete Procfile]
Succeeded [Delete server.js]
Succeeded [Delete start.js]
Succeeded [Delete app/assets/sass/unbranded-ie8.scss]
Copying from [node_modules/govuk-prototype-kit/prototype-starter/app/assets/javascripts/application.js] to [app/assets/javascripts/application.js]
Copying from [node_modules/govuk-prototype-kit/prototype-starter/app/filters.js] to [app/filters.js]
Copying from [node_modules/govuk-prototype-kit/prototype-starter/app/views/layouts/main.html] to [app/views/layout.html]
Started [Delete app/assets/javascripts/auto-store-data.js]
Started [Delete app/assets/images/separator-2x.png]
Succeeded [Delete gulpfile.js]
Started [Delete app/assets/javascripts/jquery-1.11.3.js]
Started [Delete app/assets/sass/unbranded.scss]
Started [Delete app/assets/images/unbranded.ico]
Started [Delete app/assets/images/separator.png]
Started [Delete app/assets/sass/patterns/_related-items.scss]
Started [Delete app/assets/sass/patterns/_step-by-step-header.scss]
Started [Delete app/assets/sass/patterns/_step-by-step-related.scss]
Started [Delete app/assets/sass/patterns/_step-by-step-nav.scss]
Started [Delete app/assets/sass/patterns/_task-list.scss]
Started [Delete app/views/layout_unbranded.html]
Started [Delete app/views/includes/breadcrumb_examples.html]
Succeeded [Deleted files that are no longer needed]
Failed [Delete app/assets/sass/patterns/_step-by-step-nav.scss]
Found [// Add your routes here - above the module.exports line] in [app/routes.js], replacing
Keeping these lines from old file
Found [// Add extra styles here, or re-organise the Sass files in whichever way makes most sense to you] in [app/assets/sass/application.scss], replacing
Keeping these lines from old file
Succeeded [Remove unused directory gulp]
Succeeded [Delete app/assets/javascripts/auto-store-data.js]
Succeeded [Delete app/assets/sass/unbranded.scss]
Succeeded [Delete app/assets/images/unbranded.ico]
Succeeded [Delete app/assets/javascripts/jquery-1.11.3.js]
Succeeded [Delete app/assets/images/separator.png]
Succeeded [Delete app/assets/images/separator-2x.png]
Succeeded [Delete app/assets/sass/patterns/_related-items.scss]
Succeeded [Delete app/assets/sass/patterns/_step-by-step-header.scss]
Succeeded [Delete app/assets/sass/patterns/_task-list.scss]
Succeeded [Delete app/views/layout_unbranded.html]
Succeeded [Delete app/views/includes/breadcrumb_examples.html]
Succeeded [Delete app/assets/sass/patterns/_step-by-step-related.scss]
Succeeded [Update application SCSS file]
//,// For guidance on how to create routes see:,// https://prototype-kit.service.gov.uk/docs/create-routes,//,,const govukPrototypeKit = require('govuk-prototype-kit'),const router = govukPrototypeKit.requests.setupRouter(),,// Add your routes here,,// Run this code when a form is submitted to 'juggling-balls-answer',router.post('/customer-answer', function (req, res) {,,,    var passYes = req.session.data['customer_answer'],,  console.log("passYes", passYes);,    // Check whether the variable matches a condition,    if (passYes == "Yes"){,      // Send user to next page,      res.redirect('success'),,    } else if (passYes == "No") {,      // Send user to ineligible page,      res.redirect('failure'),    },}),,router.post('/customer-answer1_1', function (req, res) {,,  var passYes = req.session.data['customer_answer1_1'],,console.log("passYes", passYes);,  // Check whether the variable matches a condition,  if (passYes == "Yes"){,    // Send user to next page,    res.redirect('question_1'),  } else if (passYes == "No") {,    // Send user to ineligible page,    res.redirect('question_ClaimantNo'),  },,}),,router.post('/customer-answer1_2', function (req, res) {,,  var passYes = req.session.data['customer_answer1_2'],,console.log("passYes", passYes);,  // Check whether the variable matches a condition,  if (passYes == "Yes"){,    // Send user to next page,    res.redirect('question_lc'),  } else if (passYes == "No") {,    // Send user to ineligible page,    res.redirect('question_ClaimantNo'),  },,}),,router.post('/customer-answer1_3', function (req, res) {,,  var passYes = req.session.data['customer_answer1_3'],,console.log("passYes", passYes);,  // Check whether the variable matches a condition,  if (passYes == "Yes"){,    // Send user to next page,    res.redirect('question_lc_2'),  } else if (passYes == "No") {,    // Send user to ineligible page,    res.redirect('question_ClaimantNo'),  },,}),,  router.post('/customer-answer1', function (req, res) {,,      var passYes = req.session.data['customer_answer1'],,    console.log("passYes", passYes);,      // Check whether the variable matches a condition,      if (passYes == "Yes"){,        // Send user to next page,        res.redirect('question_2'),      } else if (passYes == "No") {,        // Send user to ineligible page,        res.redirect('question_2_1'),      },,    }),,    router.post('/customer-answer2', function (req, res) {,,        var passYes = req.session.data['customer_answer2'],,      console.log("passYes", passYes);,        // Check whether the variable matches a condition,        if (passYes == "Yes"){,          // Send user to next page,          res.redirect('failure1'),        } else if (passYes == "No") {,          // Send user to ineligible page,          res.redirect('failure3'),        },,      }),,,    router.post('/customer-answer2_1', function (req, res) {,,      var passYes = req.session.data['customer_answer2_1'],,    console.log("passYes", passYes);,      // Check whether the variable matches a condition,      if (passYes == "Yes"){,        // Send user to next page,        res.redirect('failure3'),      } else if (passYes == "No") {,        // Send user to ineligible page,        res.redirect('failure2'),      },,    }),,      router.post('/customer-answer_lc', function (req, res) {,,        var passYes = req.session.data['customer_answer_lc'],,      console.log("passYes", passYes);,        // Check whether the variable matches a condition,        if (passYes == "Yes"){,          // Send user to next page,          res.redirect('success_lc'),        } else if (passYes == "No") {,          // Send user to ineligible page,          res.redirect('failure_lc_pv'),        },,      }),,      router.post('/customer-answer_lc_2', function (req, res) {,,        var passYes = req.session.data['customer_answer_lc_2'],,      console.log("passYes", passYes);,        // Check whether the variable matches a condition,        if (passYes == "Yes"){,          // Send user to next page,          res.redirect('Q4-Check-Date-of-Death_lc'),        } else if (passYes == "No") {,          // Send user to ineligible page,          res.redirect('failure_lc_pv'),        },,      }),router.post('/startlc', function (req, res) {,,  if (req.body.callerType!=='_unchecked') {,,    res.redirect('/question.html');,  } else {,    res.render('startlc', {,      errormsg: 'Please confirm to proceed',,      t: (x) => x, // translate,    });,    // res.redirect('/index');,  },}),,router.post('/startnc', function (req, res) {,,  if (req.body.callerType!=='_unchecked') {,,    res.redirect('/question_Claimant');,  } else {,    res.render('startnc', {,      errormsg: 'Please confirm to proceed',,      t: (x) => x, // translate,    });,    // res.redirect('/index');,  },}),,router.post('/startnc1', function (req, res) {,,  if (req.body.callerType!=='_unchecked') {,,    res.redirect('/question_3.html');,  } else {,    res.render('startnc1', {,      errormsg: 'Please confirm to proceed',,      t: (x) => x, // translate,    });,    // res.redirect('/index');,  },}),router.post('/startnc2', function (req, res) {,,  if (req.body.callerType!=='_unchecked') {,,    res.redirect('/question_4.html');,  } else {,    res.render('startnc2', {,      errormsg: 'Please confirm to proceed',,      t: (x) => x, // translate,    });,    // res.redirect('/index');,  },}),,      router.post('/customer-answer3', function (req, res) {,,          var passYes = req.session.data['customer_answer3'],,        console.log("passYes", passYes);,          // Check whether the variable matches a condition,          if (passYes == "Yes"){,            // Send user to next page,            res.redirect('question_3_1'),          } else if (passYes == "No") {,            // Send user to ineligible page,            res.redirect('question_3_1'),          },,        }),,      router.post('/customer-answer3-1', function (req, res) {,,          var passYes = req.session.data['customer_answer3-1'],,        console.log("passYes", passYes);,          // Check whether the variable matches a condition,          if (passYes == "Yes"){,            // Send user to next page,            res.redirect('failure1'),          } else if (passYes == "No") {,            // Send user to ineligible page,            res.redirect('failure2'),          },,        }),,        router.post('/customer-answer4', function (req, res) {,,            var passYes = req.session.data['customer_answer4'],,          console.log("passYes", passYes);,            // Check whether the variable matches a condition,            if (passYes == "Yes"){,              // Send user to next page,              res.redirect('question_4_1'),            } else if (passYes == "No") {,              // Send user to ineligible page,              res.redirect('question_4_1'),            },,          }),,,          router.post('/customer-answer4-1', function (req, res) {,,              var passYes = req.session.data['customer_answer4-1'],,            console.log("passYes", passYes);,              // Check whether the variable matches a condition,              if (passYes == "Yes"){,                // Send user to next page,                res.redirect('success'),              } else if (passYes == "No") {,                // Send user to ineligible page,                res.redirect('failure3'),              },,            }),,          router.post('/customer-answer5', function (req, res) {,,              var passYes = req.session.data['customer_answer5'],,            console.log("passYes", passYes);,              // Check whether the variable matches a condition,              if (passYes == "Yes"){,                // Send user to next page,                res.redirect('success'),              } else if (passYes == "No") {,                // Send user to ineligible page,                res.redirect('failure1'),              },,            }),,module.exports = router,
Found [module.exports = router;,module.exports = router] in [app/routes.js], removing
Succeeded [Remove unused directory lib]
Succeeded [Remove unused directory public]
Succeeded [Overwrite app/filters.js]
Succeeded [Update routes file]
Succeeded [Overwrite app/assets/javascripts/application.js]
Succeeded [Remove unused directory docs]
Succeeded [Deleted directories that are no longer needed]
Started [Delete app/views/includes/head.html]
Started [Delete app/views/includes/scripts.html]
Failed [Delete app/views/includes/head.html]
Succeeded [Delete app/views/includes/scripts.html]
Started [Remove old pattern includes from application SCSS file]
Succeeded [Remove old pattern includes from application SCSS file]
Started [Remove empty directory app/assets/sass/patterns]
Started [Remove empty directory app/assets/images]
Started [Remove empty directory app/views/includes]
Skipped deleting app/assets/sass/patterns
Skipped deleting app/views/includes
Succeeded [Remove empty directory app/assets/images]
